#-----------------------------------------------------------
# Vivado v2020.2 (64-bit)
# SW Build 3064766 on Wed Nov 18 09:12:45 MST 2020
# IP Build 3064653 on Wed Nov 18 14:17:31 MST 2020
# Start of session at: Tue Feb 21 14:55:48 2023
# Process ID: 6464
# Current directory: C:/Users/240367/Desktop/03-vivado/comparator
# Command line: vivado.exe -gui_launcher_event rodinguilauncherevent1440 C:\Users\240367\Desktop\03-vivado\comparator\comparator.xpr
# Log file: C:/Users/240367/Desktop/03-vivado/comparator/vivado.log
# Journal file: C:/Users/240367/Desktop/03-vivado/comparator\vivado.jou
#-----------------------------------------------------------
start_gui
open_project C:/Users/240367/Desktop/03-vivado/comparator/comparator.xpr
WARNING: [filemgmt 56-3] Default IP Output Path : Could not find the directory 'C:/Users/240367/Desktop/03-vivado/comparator/comparator.gen/sources_1'.
Scanning sources...
Finished scanning sources
INFO: [IP_Flow 19-234] Refreshing IP repositories
INFO: [IP_Flow 19-1704] No user IP repositories specified
INFO: [IP_Flow 19-2313] Loaded Vivado IP repository 'C:/appz/Xilinx/Vivado/2020.2/data/ip'.
open_project: Time (s): cpu = 00:00:15 ; elapsed = 00:00:06 . Memory (MB): peak = 1000.027 ; gain = 0.000
update_compile_order -fileset sources_1
exit
INFO: [Common 17-206] Exiting Vivado at Tue Feb 21 14:56:26 2023...
